*** Starting uWSGI 2.0.18 (64bit) on [Sun Apr 26 23:10:49 2020] ***
compiled with version: 7.5.0 on 26 April 2020 14:43:21
os: Linux-4.15.0-48-generic #51-Ubuntu SMP Wed Apr 3 08:28:49 UTC 2019
nodename: iZ2ze2yqg7jdyym2u34lzmZ
machine: x86_64
clock source: unix
pcre jit disabled
detected number of CPU cores: 1
current working directory: /data/backstageManagementSystem/mysite
detected binary path: /usr/local/bin/uwsgi
uWSGI running as root, you can use --uid/--gid/--chroot options
*** WARNING: you are running uWSGI as root !!! (use the --uid flag) *** 
chdir() to /data/backstageManagementSytem/mysite/
chdir(): No such file or directory [core/uwsgi.c line 2623]
*** Starting uWSGI 2.0.18 (64bit) on [Fri May  1 13:31:02 2020] ***
compiled with version: 7.5.0 on 01 May 2020 05:16:41
os: Linux-4.15.0-48-generic #51-Ubuntu SMP Wed Apr 3 08:28:49 UTC 2019
nodename: iZ2ze2yqg7jdyym2u34lzmZ
machine: x86_64
clock source: unix
pcre jit disabled
detected number of CPU cores: 1
current working directory: /data/backstageManagementSystem/mysite
detected binary path: /usr/local/bin/uwsgi
uWSGI running as root, you can use --uid/--gid/--chroot options
*** WARNING: you are running uWSGI as root !!! (use the --uid flag) *** 
chdir() to /data/backstageManagementSystem/mysite/
*** WARNING: you are running uWSGI without its master process manager ***
your processes number limit is 7798
your memory page size is 4096 bytes
detected max file descriptor number: 1024
lock engine: pthread robust mutexes
thunder lock: disabled (you can enable it with --thunder-lock)
uwsgi socket 0 bound to TCP address 127.0.0.1:8997 fd 3
uWSGI running as root, you can use --uid/--gid/--chroot options
*** WARNING: you are running uWSGI as root !!! (use the --uid flag) *** 
Python version: 3.6.9 (default, Apr 18 2020, 01:56:04)  [GCC 8.4.0]
*** Python threads support is disabled. You can enable it with --enable-threads ***
Python main interpreter initialized at 0x557bb5403d10
uWSGI running as root, you can use --uid/--gid/--chroot options
*** WARNING: you are running uWSGI as root !!! (use the --uid flag) *** 
your server socket listen backlog is limited to 100 connections
your mercy for graceful operations on workers is 60 seconds
mapped 291680 bytes (284 KB) for 4 cores
*** Operational MODE: preforking ***
ModuleNotFoundError: No module named 'mysite'
unable to load app 0 (mountpoint='') (callable not found or import error)
*** no app loaded. going in full dynamic mode ***
uWSGI running as root, you can use --uid/--gid/--chroot options
*** WARNING: you are running uWSGI as root !!! (use the --uid flag) *** 
*** uWSGI is running in multiple interpreter mode ***
spawned uWSGI worker 1 (pid: 5766, cores: 1)
spawned uWSGI worker 2 (pid: 5767, cores: 1)
spawned uWSGI worker 3 (pid: 5768, cores: 1)
spawned uWSGI worker 4 (pid: 5769, cores: 1)
ModuleNotFoundError: No module named 'mysite'
unable to load app 0 (mountpoint='') (callable not found or import error)
--- no python application found, check your startup logs for errors ---
[pid: 5767|app: -1|req: -1/1] 45.116.152.84 () {46 vars in 828 bytes} [Fri May  1 13:31:45 2020] GET / => generated 21 bytes in 2 msecs (HTTP/1.1 500) 2 headers in 83 bytes (0 switches on core 0)
ModuleNotFoundError: No module named 'mysite'
unable to load app 0 (mountpoint='') (callable not found or import error)
--- no python application found, check your startup logs for errors ---
[pid: 5766|app: -1|req: -1/2] 45.116.152.84 () {44 vars in 742 bytes} [Fri May  1 13:31:46 2020] GET /favicon.ico => generated 21 bytes in 1 msecs (HTTP/1.1 500) 2 headers in 83 bytes (0 switches on core 0)
ModuleNotFoundError: No module named 'mysite'
unable to load app 0 (mountpoint='') (callable not found or import error)
--- no python application found, check your startup logs for errors ---
[pid: 5767|app: -1|req: -1/3] 122.102.26.196 () {36 vars in 545 bytes} [Fri May  1 13:45:02 2020] GET / => generated 21 bytes in 0 msecs (HTTP/1.1 500) 2 headers in 83 bytes (0 switches on core 0)
ModuleNotFoundError: No module named 'mysite'
unable to load app 0 (mountpoint='') (callable not found or import error)
--- no python application found, check your startup logs for errors ---
[pid: 5767|app: -1|req: -1/4] 45.116.152.84 () {46 vars in 827 bytes} [Fri May  1 14:12:53 2020] GET / => generated 21 bytes in 0 msecs (HTTP/1.1 500) 2 headers in 83 bytes (0 switches on core 0)
ModuleNotFoundError: No module named 'mysite'
unable to load app 0 (mountpoint='') (callable not found or import error)
--- no python application found, check your startup logs for errors ---
[pid: 5767|app: -1|req: -1/5] 45.116.152.84 () {44 vars in 741 bytes} [Fri May  1 14:12:54 2020] GET /favicon.ico => generated 21 bytes in 0 msecs (HTTP/1.1 500) 2 headers in 83 bytes (0 switches on core 0)
*** Starting uWSGI 2.0.18 (64bit) on [Fri May  1 14:18:59 2020] ***
compiled with version: 7.5.0 on 01 May 2020 05:16:41
os: Linux-4.15.0-48-generic #51-Ubuntu SMP Wed Apr 3 08:28:49 UTC 2019
nodename: iZ2ze2yqg7jdyym2u34lzmZ
machine: x86_64
clock source: unix
pcre jit disabled
detected number of CPU cores: 1
current working directory: /data/backstageManagementSystem/mysite
detected binary path: /usr/local/bin/uwsgi
uWSGI running as root, you can use --uid/--gid/--chroot options
*** WARNING: you are running uWSGI as root !!! (use the --uid flag) *** 
chdir() to /data/backstageManagementSystem/mysite/
*** WARNING: you are running uWSGI without its master process manager ***
your processes number limit is 7798
your memory page size is 4096 bytes
detected max file descriptor number: 1024
lock engine: pthread robust mutexes
thunder lock: disabled (you can enable it with --thunder-lock)
uwsgi socket 0 bound to TCP address 127.0.0.1:8997 fd 3
uWSGI running as root, you can use --uid/--gid/--chroot options
*** WARNING: you are running uWSGI as root !!! (use the --uid flag) *** 
Python version: 3.6.9 (default, Apr 18 2020, 01:56:04)  [GCC 8.4.0]
*** Python threads support is disabled. You can enable it with --enable-threads ***
Python main interpreter initialized at 0x56526e1ddc40
uWSGI running as root, you can use --uid/--gid/--chroot options
*** WARNING: you are running uWSGI as root !!! (use the --uid flag) *** 
your server socket listen backlog is limited to 100 connections
your mercy for graceful operations on workers is 60 seconds
mapped 291680 bytes (284 KB) for 4 cores
*** Operational MODE: preforking ***
ModuleNotFoundError: No module named 'mysite'
unable to load app 0 (mountpoint='') (callable not found or import error)
*** no app loaded. going in full dynamic mode ***
uWSGI running as root, you can use --uid/--gid/--chroot options
*** WARNING: you are running uWSGI as root !!! (use the --uid flag) *** 
*** uWSGI is running in multiple interpreter mode ***
spawned uWSGI worker 1 (pid: 2574, cores: 1)
spawned uWSGI worker 2 (pid: 2575, cores: 1)
spawned uWSGI worker 3 (pid: 2576, cores: 1)
spawned uWSGI worker 4 (pid: 2577, cores: 1)
ModuleNotFoundError: No module named 'mysite'
unable to load app 0 (mountpoint='') (callable not found or import error)
--- no python application found, check your startup logs for errors ---
[pid: 2575|app: -1|req: -1/1] 45.116.152.84 () {46 vars in 834 bytes} [Fri May  1 14:19:53 2020] GET / => generated 21 bytes in 1 msecs (HTTP/1.1 500) 2 headers in 83 bytes (0 switches on core 0)
ModuleNotFoundError: No module named 'mysite'
unable to load app 0 (mountpoint='') (callable not found or import error)
--- no python application found, check your startup logs for errors ---
[pid: 2574|app: -1|req: -1/2] 45.116.152.84 () {48 vars in 794 bytes} [Fri May  1 14:19:53 2020] GET /favicon.ico => generated 21 bytes in 1 msecs (HTTP/1.1 500) 2 headers in 83 bytes (0 switches on core 0)
